<?xml version="1.0" encoding="UTF-8"?>
<!-- Generated by org.testng.reporters.JUnitReportReporter -->
<testsuite hostname="LAPTOP-PKPP5N4P" failures="0" tests="3" name="TestNG.Parallel" time="70.579" errors="0" timestamp="2022-05-04T19:26:15 IST" skipped="0">
  <testcase classname="TestNG.Parallel" name="tc1" time="23.341"/>
  <system-out>
    <![CDATA[Facebook – log in or sign up
https://www.facebook.com/login/?privacy_mutation_token=eyJ0eXBlIjowLCJjcmVhdGlvbl90aW1lIjoxNjUxNjcyNTU2LCJjYWxsc2l0ZV9pZCI6MzgxMjI5MDc5NTc1OTQ2fQ%3D%3D]]>
  </system-out>
  <testcase classname="TestNG.Parallel" name="tc1" time="23.821"/>
  <system-out>
    <![CDATA[Facebook – log in or sign up
https://www.facebook.com/login/?privacy_mutation_token=eyJ0eXBlIjowLCJjcmVhdGlvbl90aW1lIjoxNjUxNjcyNTU2LCJjYWxsc2l0ZV9pZCI6MzgxMjI5MDc5NTc1OTQ2fQ%3D%3D]]>
  </system-out>
  <testcase classname="TestNG.Parallel" name="tc1" time="23.417"/>
  <system-out>
    <![CDATA[Facebook – log in or sign up
https://www.facebook.com/login/?privacy_mutation_token=eyJ0eXBlIjowLCJjcmVhdGlvbl90aW1lIjoxNjUxNjcyNTU2LCJjYWxsc2l0ZV9pZCI6MzgxMjI5MDc5NTc1OTQ2fQ%3D%3D]]>
  </system-out>
</testsuite> <!-- TestNG.Parallel -->
