<?xml version="1.0" encoding="UTF-8"?>
<!-- Generated by org.testng.reporters.JUnitReportReporter -->
<testsuite hostname="LAPTOP-PKPP5N4P" failures="0" tests="1" name="TestNG.Test2" time="9.838" errors="0" timestamp="2022-04-24T17:42:36 IST" skipped="0">
  <testcase classname="TestNG.Test2" name="tc2" time="9.838"/>
  <system-out>
    <![CDATA[Forgotten Password | Can't Log In | Facebook
https://www.facebook.com/login/identify/?ctx=recover&ars=facebook_login&from_login_screen=0]]>
  </system-out>
</testsuite> <!-- TestNG.Test2 -->
