<?xml version="1.0" encoding="UTF-8"?>
<!-- Generated by org.testng.reporters.JUnitReportReporter -->
<testsuite hostname="LAPTOP-PKPP5N4P" failures="0" tests="7" name="TestNG.TestIC" time="0.010" errors="0" timestamp="2022-04-25T12:36:25 IST" skipped="1">
  <testcase classname="TestNG.TestIC" name="chats" time="0.001"/>
  <system-out>
    <![CDATA[Hello Food]]>
  </system-out>
  <testcase classname="TestNG.TestIC" name="chats" time="0.001"/>
  <system-out>
    <![CDATA[Hello Food]]>
  </system-out>
  <testcase classname="TestNG.TestIC" name="chats" time="0.000"/>
  <system-out>
    <![CDATA[Hello Food]]>
  </system-out>
  <testcase classname="TestNG.TestIC" name="chats" time="0.006"/>
  <system-out>
    <![CDATA[Hello Food]]>
  </system-out>
  <testcase classname="TestNG.TestIC" name="chats" time="0.001"/>
  <system-out>
    <![CDATA[Hello Food]]>
  </system-out>
  <testcase classname="TestNG.TestIC" name="calls" time="0.001"/>
  <system-out>
    <![CDATA[Hello World]]>
  </system-out>
  <testcase classname="TestNG.TestIC" name="set">
    <skipped/>
  </testcase> <!-- set -->
  <system-out/>
</testsuite> <!-- TestNG.TestIC -->
