<?xml version="1.0" encoding="UTF-8"?>
<!-- Generated by org.testng.reporters.JUnitReportReporter -->
<testsuite hostname="LAPTOP-PKPP5N4P" failures="0" tests="1" name="TestNG.Test1tng" time="0.006" errors="0" timestamp="2022-04-22T12:22:02 IST" skipped="0">
  <testcase classname="TestNG.Test1tng" name="tc1" time="0.006"/>
  <system-out>
    <![CDATA[Hello maam
Hello Selenium]]>
  </system-out>
</testsuite> <!-- TestNG.Test1tng -->
